<?xml version="1.0" encoding="UTF-8"?>
<!-- Generated by org.testng.reporters.JUnitReportReporter -->
<testsuite hostname="DESKTOP-BIG2IKD" failures="0" tests="1" name="ppack.Demo" time="11.359" errors="0" timestamp="2023-02-18T19:09:13 IST" skipped="0">
  <testcase classname="ppack.Demo" name="testOne" time="11.359"/>
  <system-out/>
</testsuite> <!-- ppack.Demo -->
