<?xml version="1.0" encoding="UTF-8"?>
<!-- Generated by org.testng.reporters.JUnitReportReporter -->
<testsuite hostname="DESKTOP-BIG2IKD" failures="0" tests="1" name="ppack.DemoTest" time="14.050" errors="0" timestamp="2023-02-18T20:28:58 IST" skipped="0">
  <testcase classname="ppack.DemoTest" name="testOne" time="14.050"/>
  <system-out/>
</testsuite> <!-- ppack.DemoTest -->
